app/build/outputs/logs/manifest-merger-debug-report.txt
-- Merging decision tree log ---
manifest
ADDED from src/main/AndroidManifest.xml:17:1-180:12
	package
		ADDED from src/main/AndroidManifest.xml:18:5-47
		INJECTED from src/main/AndroidManifest.xml
		INJECTED from src/main/AndroidManifest.xml
	android:versionName
		INJECTED from src/main/AndroidManifest.xml
		INJECTED from src/main/AndroidManifest.xml
	xmlns:android
		ADDED from src/main/AndroidManifest.xml:17:11-69
	android:versionCode
		INJECTED from src/main/AndroidManifest.xml
		INJECTED from src/main/AndroidManifest.xml
uses-permission#android.permission.INTERNET
ADDED from src/main/AndroidManifest.xml:21:5-67
MERGED from [com.google.android.gms:play-services-maps:7.5.0] AndroidManifest.xml:21:5-66
	android:name
		ADDED from src/main/AndroidManifest.xml:21:22-64
uses-permission#android.permission.READ_SYNC_SETTINGS
ADDED from src/main/AndroidManifest.xml:24:5-25:63
	android:name
		ADDED from src/main/AndroidManifest.xml:25:9-61
uses-permission#android.permission.WRITE_SYNC_SETTINGS
ADDED from src/main/AndroidManifest.xml:26:5-27:64
	android:name
		ADDED from src/main/AndroidManifest.xml:27:9-62
uses-permission#android.permission.AUTHENTICATE_ACCOUNTS
ADDED from src/main/AndroidManifest.xml:28:5-29:66
	android:name
		ADDED from src/main/AndroidManifest.xml:29:9-64
uses-permission#android.permission.ACCESS_NETWORK_STATE
ADDED from src/main/AndroidManifest.xml:32:5-33:66
MERGED from [com.google.android.gms:play-services-maps:7.5.0] AndroidManifest.xml:20:5-78
	android:name
		ADDED from src/main/AndroidManifest.xml:33:9-63
uses-permission#android.permission.WAKE_LOCK
ADDED from src/main/AndroidManifest.xml:36:5-68
	android:name
		ADDED from src/main/AndroidManifest.xml:36:22-65
uses-permission#com.google.android.c2dm.permission.RECEIVE
ADDED from src/main/AndroidManifest.xml:37:5-82
	android:name
		ADDED from src/main/AndroidManifest.xml:37:22-79
permission#com.example.android.sunshine.app.permission.C2D_MESSAGE
ADDED from src/main/AndroidManifest.xml:38:5-39:47
	android:protectionLevel
		ADDED from src/main/AndroidManifest.xml:39:9-44
	android:name
		ADDED from src/main/AndroidManifest.xml:38:17-87
uses-permission#com.example.android.sunshine.app.permission.C2D_MESSAGE
ADDED from src/main/AndroidManifest.xml:40:5-95
	android:name
		ADDED from src/main/AndroidManifest.xml:40:22-92
uses-permission#android.permission.ACCESS_FINE_LOCATION
ADDED from src/main/AndroidManifest.xml:43:5-79
	android:name
		ADDED from src/main/AndroidManifest.xml:43:22-76
application
ADDED from src/main/AndroidManifest.xml:45:5-178:19
MERGED from [com.android.support:gridlayout-v7:22.2.0] AndroidManifest.xml:22:5-20
MERGED from [com.android.support:support-v4:23.0.0] AndroidManifest.xml:22:5-20
MERGED from [com.android.support:cardview-v7:22.2.0] AndroidManifest.xml:22:5-20
MERGED from [com.android.support:appcompat-v7:22.2.0] AndroidManifest.xml:22:5-20
MERGED from [com.android.support:support-v4:23.0.0] AndroidManifest.xml:22:5-20
MERGED from [com.android.support:design:22.2.0] AndroidManifest.xml:22:5-20
MERGED from [com.android.support:appcompat-v7:22.2.0] AndroidManifest.xml:22:5-20
MERGED from [com.android.support:support-v4:23.0.0] AndroidManifest.xml:22:5-20
MERGED from [com.android.support:support-v4:23.0.0] AndroidManifest.xml:22:5-20
MERGED from [com.android.support:support-v4:23.0.0] AndroidManifest.xml:22:5-20
MERGED from [com.google.android.gms:play-services-gcm:7.5.0] AndroidManifest.xml:19:5-20
MERGED from [com.google.android.gms:play-services-basement:8.4.0] AndroidManifest.xml:20:5-24:19
MERGED from [com.android.support:support-v4:23.0.0] AndroidManifest.xml:22:5-20
MERGED from [com.google.android.gms:play-services-location:7.5.0] AndroidManifest.xml:19:5-20
MERGED from [com.google.android.gms:play-services-basement:8.4.0] AndroidManifest.xml:20:5-24:19
MERGED from [com.android.support:support-v4:23.0.0] AndroidManifest.xml:22:5-20
MERGED from [com.google.android.gms:play-services-maps:7.5.0] AndroidManifest.xml:29:5-20
MERGED from [com.google.android.gms:play-services-basement:8.4.0] AndroidManifest.xml:20:5-24:19
MERGED from [com.android.support:support-v4:23.0.0] AndroidManifest.xml:22:5-20
MERGED from [com.google.android.support:wearable:1.3.0] AndroidManifest.xml:8:5-20
MERGED from [com.android.support:support-v4:23.0.0] AndroidManifest.xml:22:5-20
MERGED from [com.android.support:support-v4:23.0.0] AndroidManifest.xml:22:5-20
MERGED from [com.google.android.gms:play-services-wearable:8.4.0] AndroidManifest.xml:19:5-20
MERGED from [com.google.android.gms:play-services-basement:8.4.0] AndroidManifest.xml:20:5-24:19
MERGED from [com.android.support:support-v4:23.0.0] AndroidManifest.xml:22:5-20
	android:label
		ADDED from src/main/AndroidManifest.xml:48:9-41
	android:supportsRtl
		ADDED from src/main/AndroidManifest.xml:50:9-35
	android:allowBackup
		ADDED from src/main/AndroidManifest.xml:46:9-35
	android:icon
		ADDED from src/main/AndroidManifest.xml:47:9-43
	android:theme
		ADDED from src/main/AndroidManifest.xml:49:9-40
meta-data#com.google.android.gms.version
ADDED from src/main/AndroidManifest.xml:51:9-52:69
MERGED from [com.google.android.gms:play-services-basement:8.4.0] AndroidManifest.xml:21:9-23:69
MERGED from [com.google.android.gms:play-services-basement:8.4.0] AndroidManifest.xml:21:9-23:69
MERGED from [com.google.android.gms:play-services-basement:8.4.0] AndroidManifest.xml:21:9-23:69
MERGED from [com.google.android.gms:play-services-basement:8.4.0] AndroidManifest.xml:21:9-23:69
	android:value
		ADDED from src/main/AndroidManifest.xml:52:13-66
	android:name
		ADDED from src/main/AndroidManifest.xml:51:20-65
activity#com.example.android.sunshine.app.MainActivity
ADDED from src/main/AndroidManifest.xml:53:9-61:20
	android:label
		ADDED from src/main/AndroidManifest.xml:55:13-45
	android:theme
		ADDED from src/main/AndroidManifest.xml:56:13-49
	android:name
		ADDED from src/main/AndroidManifest.xml:54:13-41
intent-filter#android.intent.action.MAIN+android.intent.category.LAUNCHER
ADDED from src/main/AndroidManifest.xml:57:13-60:29
action#android.intent.action.MAIN
ADDED from src/main/AndroidManifest.xml:58:17-69
	android:name
		ADDED from src/main/AndroidManifest.xml:58:25-66
category#android.intent.category.LAUNCHER
ADDED from src/main/AndroidManifest.xml:59:17-77
	android:name
		ADDED from src/main/AndroidManifest.xml:59:27-74
activity#com.example.android.sunshine.app.DetailActivity
ADDED from src/main/AndroidManifest.xml:62:9-71:20
	android:label
		ADDED from src/main/AndroidManifest.xml:64:13-58
	android:parentActivityName
		ADDED from src/main/AndroidManifest.xml:65:13-55
	android:configChanges
		ADDED from src/main/AndroidManifest.xml:66:13-130
	android:theme
		ADDED from src/main/AndroidManifest.xml:67:13-52
	android:name
		ADDED from src/main/AndroidManifest.xml:63:13-43
meta-data#android.support.PARENT_ACTIVITY
ADDED from src/main/AndroidManifest.xml:68:13-70:81
	android:value
		ADDED from src/main/AndroidManifest.xml:70:17-78
	android:name
		ADDED from src/main/AndroidManifest.xml:69:17-63
activity#com.example.android.sunshine.app.SettingsActivity
ADDED from src/main/AndroidManifest.xml:72:9-80:20
	android:label
		ADDED from src/main/AndroidManifest.xml:74:13-60
	android:parentActivityName
		ADDED from src/main/AndroidManifest.xml:75:13-55
	android:theme
		ADDED from src/main/AndroidManifest.xml:76:13-49
	android:name
		ADDED from src/main/AndroidManifest.xml:73:13-45
provider#com.example.android.sunshine.app.data.WeatherProvider
ADDED from src/main/AndroidManifest.xml:81:9-85:39
	android:authorities
		ADDED from src/main/AndroidManifest.xml:82:13-60
	android:syncable
		ADDED from src/main/AndroidManifest.xml:85:13-36
	android:exported
		ADDED from src/main/AndroidManifest.xml:84:13-37
	android:name
		ADDED from src/main/AndroidManifest.xml:83:13-49
service#com.example.android.sunshine.app.sync.SunshineAuthenticatorService
ADDED from src/main/AndroidManifest.xml:88:9-95:19
	android:name
		ADDED from src/main/AndroidManifest.xml:88:18-67
intent-filter#android.accounts.AccountAuthenticator
ADDED from src/main/AndroidManifest.xml:89:13-91:29
action#android.accounts.AccountAuthenticator
ADDED from src/main/AndroidManifest.xml:90:17-80
	android:name
		ADDED from src/main/AndroidManifest.xml:90:25-77
meta-data#android.accounts.AccountAuthenticator
ADDED from src/main/AndroidManifest.xml:92:13-94:57
	android:resource
		ADDED from src/main/AndroidManifest.xml:94:17-54
	android:name
		ADDED from src/main/AndroidManifest.xml:93:17-69
service#com.example.android.sunshine.app.sync.SunshineSyncService
ADDED from src/main/AndroidManifest.xml:98:9-108:19
	android:exported
		ADDED from src/main/AndroidManifest.xml:100:13-36
	android:name
		ADDED from src/main/AndroidManifest.xml:99:13-53
intent-filter#android.content.SyncAdapter
ADDED from src/main/AndroidManifest.xml:102:13-104:29
action#android.content.SyncAdapter
ADDED from src/main/AndroidManifest.xml:103:17-70
	android:name
		ADDED from src/main/AndroidManifest.xml:103:25-67
meta-data#android.content.SyncAdapter
ADDED from src/main/AndroidManifest.xml:105:13-107:55
	android:resource
		ADDED from src/main/AndroidManifest.xml:107:17-52
	android:name
		ADDED from src/main/AndroidManifest.xml:106:17-59
receiver#com.google.android.gms.gcm.GcmReceiver
ADDED from src/main/AndroidManifest.xml:111:9-120:20
	android:exported
		ADDED from src/main/AndroidManifest.xml:113:13-36
	android:permission
		ADDED from src/main/AndroidManifest.xml:114:13-73
	android:name
		ADDED from src/main/AndroidManifest.xml:112:13-66
intent-filter#com.example.android.sunshine.app+com.google.android.c2dm.intent.RECEIVE+com.google.android.c2dm.intent.REGISTRATION
ADDED from src/main/AndroidManifest.xml:115:13-119:29
action#com.google.android.c2dm.intent.RECEIVE
ADDED from src/main/AndroidManifest.xml:116:17-81
	android:name
		ADDED from src/main/AndroidManifest.xml:116:25-78
action#com.google.android.c2dm.intent.REGISTRATION
ADDED from src/main/AndroidManifest.xml:117:17-86
	android:name
		ADDED from src/main/AndroidManifest.xml:117:25-83
category#com.example.android.sunshine.app
ADDED from src/main/AndroidManifest.xml:118:17-77
	android:name
		ADDED from src/main/AndroidManifest.xml:118:27-74
service#com.example.android.sunshine.app.muzei.WeatherMuzeiSource
ADDED from src/main/AndroidManifest.xml:122:9-130:19
	android:label
		ADDED from src/main/AndroidManifest.xml:124:13-45
	android:icon
		ADDED from src/main/AndroidManifest.xml:123:13-46
	android:description
		ADDED from src/main/AndroidManifest.xml:125:13-60
	android:name
		ADDED from src/main/AndroidManifest.xml:122:18-58
intent-filter#com.google.android.apps.muzei.api.MuzeiArtSource
ADDED from src/main/AndroidManifest.xml:126:13-128:29
action#com.google.android.apps.muzei.api.MuzeiArtSource
ADDED from src/main/AndroidManifest.xml:127:17-91
	android:name
		ADDED from src/main/AndroidManifest.xml:127:25-88
meta-data#color
ADDED from src/main/AndroidManifest.xml:129:13-78
	android:value
		ADDED from src/main/AndroidManifest.xml:129:45-75
	android:name
		ADDED from src/main/AndroidManifest.xml:129:24-44
receiver#com.example.android.sunshine.app.widget.TodayWidgetProvider
ADDED from src/main/AndroidManifest.xml:132:9-141:20
	android:label
		ADDED from src/main/AndroidManifest.xml:134:13-55
	android:name
		ADDED from src/main/AndroidManifest.xml:133:13-55
intent-filter#android.appwidget.action.APPWIDGET_UPDATE+com.example.android.sunshine.app.ACTION_DATA_UPDATED
ADDED from src/main/AndroidManifest.xml:135:13-138:29
action#android.appwidget.action.APPWIDGET_UPDATE
ADDED from src/main/AndroidManifest.xml:136:17-84
	android:name
		ADDED from src/main/AndroidManifest.xml:136:25-81
action#com.example.android.sunshine.app.ACTION_DATA_UPDATED
ADDED from src/main/AndroidManifest.xml:137:17-95
	android:name
		ADDED from src/main/AndroidManifest.xml:137:25-92
meta-data#android.appwidget.provider
ADDED from src/main/AndroidManifest.xml:139:13-140:61
	android:resource
		ADDED from src/main/AndroidManifest.xml:140:17-58
	android:name
		ADDED from src/main/AndroidManifest.xml:139:24-65
service#com.example.android.sunshine.app.widget.TodayWidgetIntentService
ADDED from src/main/AndroidManifest.xml:142:9-68
	android:name
		ADDED from src/main/AndroidManifest.xml:142:18-65
receiver#com.example.android.sunshine.app.widget.DetailWidgetProvider
ADDED from src/main/AndroidManifest.xml:144:9-154:20
	android:enabled
		ADDED from src/main/AndroidManifest.xml:147:13-58
	android:label
		ADDED from src/main/AndroidManifest.xml:146:13-56
	android:name
		ADDED from src/main/AndroidManifest.xml:145:13-56
service#com.example.android.sunshine.app.widget.DetailWidgetRemoteViewsService
ADDED from src/main/AndroidManifest.xml:155:9-159:72
	android:enabled
		ADDED from src/main/AndroidManifest.xml:157:13-58
	android:exported
		ADDED from src/main/AndroidManifest.xml:158:13-37
	android:permission
		ADDED from src/main/AndroidManifest.xml:159:13-69
	android:name
		ADDED from src/main/AndroidManifest.xml:156:13-66
service#gcm.MyGcmListenerService
ADDED from src/main/AndroidManifest.xml:160:9-166:19
	android:exported
		ADDED from src/main/AndroidManifest.xml:162:13-37
	android:name
		ADDED from src/main/AndroidManifest.xml:161:13-52
intent-filter#com.google.android.c2dm.intent.RECEIVE
ADDED from src/main/AndroidManifest.xml:163:13-165:29
service#gcm.MyInstanceIDListenerService
ADDED from src/main/AndroidManifest.xml:167:9-173:19
	android:exported
		ADDED from src/main/AndroidManifest.xml:169:13-37
	android:name
		ADDED from src/main/AndroidManifest.xml:168:13-59
intent-filter#com.google.android.gms.iid.InstanceID
ADDED from src/main/AndroidManifest.xml:170:13-172:29
action#com.google.android.gms.iid.InstanceID
ADDED from src/main/AndroidManifest.xml:171:17-79
	android:name
		ADDED from src/main/AndroidManifest.xml:171:25-77
service#com.example.android.sunshine.app.gcm.RegistrationIntentService
ADDED from src/main/AndroidManifest.xml:174:9-177:19
	android:exported
		ADDED from src/main/AndroidManifest.xml:176:13-37
	android:name
		ADDED from src/main/AndroidManifest.xml:175:13-58
uses-sdk
INJECTED from src/main/AndroidManifest.xml reason: use-sdk injection requested
MERGED from [com.android.support:gridlayout-v7:22.2.0] AndroidManifest.xml:20:5-43
MERGED from [com.android.support:support-v4:23.0.0] AndroidManifest.xml:20:5-43
MERGED from [com.android.support:cardview-v7:22.2.0] AndroidManifest.xml:20:5-43
MERGED from [com.android.support:appcompat-v7:22.2.0] AndroidManifest.xml:20:5-43
MERGED from [com.android.support:support-v4:23.0.0] AndroidManifest.xml:20:5-43
MERGED from [com.android.support:design:22.2.0] AndroidManifest.xml:20:5-43
MERGED from [com.android.support:appcompat-v7:22.2.0] AndroidManifest.xml:20:5-43
MERGED from [com.android.support:support-v4:23.0.0] AndroidManifest.xml:20:5-43
MERGED from [com.android.support:support-v4:23.0.0] AndroidManifest.xml:20:5-43
MERGED from [com.android.support:recyclerview-v7:22.2.0] AndroidManifest.xml:20:5-43
MERGED from [com.android.support:support-v4:23.0.0] AndroidManifest.xml:20:5-43
MERGED from [com.google.android.gms:play-services-gcm:7.5.0] AndroidManifest.xml:18:5-42
MERGED from [com.google.android.gms:play-services-base:8.4.0] AndroidManifest.xml:18:5-42
MERGED from [com.google.android.gms:play-services-basement:8.4.0] AndroidManifest.xml:18:5-42
MERGED from [com.android.support:support-v4:23.0.0] AndroidManifest.xml:20:5-43
MERGED from [com.google.android.gms:play-services-location:7.5.0] AndroidManifest.xml:18:5-42
MERGED from [com.google.android.gms:play-services-base:8.4.0] AndroidManifest.xml:18:5-42
MERGED from [com.google.android.gms:play-services-basement:8.4.0] AndroidManifest.xml:18:5-42
MERGED from [com.android.support:support-v4:23.0.0] AndroidManifest.xml:20:5-43
MERGED from [com.google.android.gms:play-services-maps:7.5.0] AndroidManifest.xml:28:5-42
MERGED from [com.google.android.gms:play-services-base:8.4.0] AndroidManifest.xml:18:5-42
MERGED from [com.google.android.gms:play-services-basement:8.4.0] AndroidManifest.xml:18:5-42
MERGED from [com.android.support:support-v4:23.0.0] AndroidManifest.xml:20:5-43
MERGED from [com.google.android.support:wearable:1.3.0] AndroidManifest.xml:4:5-6:41
MERGED from [com.android.support:recyclerview-v7:22.2.0] AndroidManifest.xml:20:5-43
MERGED from [com.android.support:support-v4:23.0.0] AndroidManifest.xml:20:5-43
MERGED from [com.android.support:support-v4:23.0.0] AndroidManifest.xml:20:5-43
MERGED from [com.google.android.gms:play-services-wearable:8.4.0] AndroidManifest.xml:18:5-42
MERGED from [com.google.android.gms:play-services-base:8.4.0] AndroidManifest.xml:18:5-42
MERGED from [com.google.android.gms:play-services-basement:8.4.0] AndroidManifest.xml:18:5-42
MERGED from [com.android.support:support-v4:23.0.0] AndroidManifest.xml:20:5-43
	android:targetSdkVersion
		INJECTED from src/main/AndroidManifest.xml
		INJECTED from src/main/AndroidManifest.xml
	android:minSdkVersion
		INJECTED from src/main/AndroidManifest.xml
		INJECTED from src/main/AndroidManifest.xml
uses-permission#android.permission.WRITE_EXTERNAL_STORAGE
ADDED from [com.google.android.gms:play-services-maps:7.5.0] AndroidManifest.xml:22:5-80
	android:name
		ADDED from [com.google.android.gms:play-services-maps:7.5.0] AndroidManifest.xml:22:22-78
uses-permission#android.permission.ACCESS_COARSE_LOCATION
ADDED from [com.google.android.gms:play-services-maps:7.5.0] AndroidManifest.xml:23:5-80
	android:name
		ADDED from [com.google.android.gms:play-services-maps:7.5.0] AndroidManifest.xml:23:22-78
uses-feature#0x00020000
ADDED from [com.google.android.gms:play-services-maps:7.5.0] AndroidManifest.xml:24:5-26:33
	android:glEsVersion
		ADDED from [com.google.android.gms:play-services-maps:7.5.0] AndroidManifest.xml:25:8-40
	android:required
		ADDED from [com.google.android.gms:play-services-maps:7.5.0] AndroidManifest.xml:26:8-31
android:uses-permission#android.permission.READ_EXTERNAL_STORAGE
IMPLIED from src/main/AndroidManifest.xml:17:1-180:12 reason: com.google.android.gms.maps requested WRITE_EXTERNAL_STORAGE